
<?xml version="1.0" encoding="UTF-8"?>
<testng-results skipped="0" failed="1" total="2" passed="1">
  <reporter-output>
  </reporter-output>
  <suite name="Default suite" duration-ms="51424" started-at="2019-09-17T13:52:16Z" finished-at="2019-09-17T13:53:08Z">
    <groups>
    </groups>
    <test name="Default test" duration-ms="51424" started-at="2019-09-17T13:52:16Z" finished-at="2019-09-17T13:53:08Z">
      <class name="com.Matraex.MatraexWeb.MatraexWebsite.TestCases.LaunchWebsite">
        <test-method status="PASS" signature="launch()[pri:0, instance:com.Matraex.MatraexWeb.MatraexWebsite.TestCases.LaunchWebsite@256216b3]" name="launch" is-config="true" duration-ms="6770" started-at="2019-09-17T19:22:16Z" finished-at="2019-09-17T19:22:23Z">
          <reporter-output>
          </reporter-output>
        </test-method> <!-- launch -->
        <test-method status="FAIL" signature="EnquireNow()[pri:0, instance:com.Matraex.MatraexWeb.MatraexWebsite.TestCases.LaunchWebsite@256216b3]" name="EnquireNow" duration-ms="20038" started-at="2019-09-17T19:22:23Z" finished-at="2019-09-17T19:22:43Z">
          <exception class="org.openqa.selenium.NoSuchElementException">
            <message>
              <![CDATA[Unable to locate element: .navbar\ navbar\-default\ bootsnav\ navbar\-fixed\-top\ header\-light\ background\-transparent\ nav\-box\-width\ white\-link\ navbar\-expand\-lg\ menu\-center\ on\ no\-full
For documentation on this error, please visit: https://www.seleniumhq.org/exceptions/no_such_element.html
Build info: version: '3.141.59', revision: 'e82be7d358', time: '2018-11-14T08:17:03'
System info: host: 'DESKTOP-BGVQGR5', ip: '192.168.167.2', os.name: 'Windows 10', os.arch: 'amd64', os.version: '10.0', java.version: '1.8.0_201'
Driver info: org.openqa.selenium.firefox.FirefoxDriver
Capabilities {acceptInsecureCerts: true, browserName: firefox, browserVersion: 69.0, javascriptEnabled: true, moz:accessibilityChecks: false, moz:buildID: 20190827005903, moz:geckodriverVersion: 0.25.0, moz:headless: false, moz:processID: 14712, moz:profile: C:\Users\staff\AppData\Loca..., moz:shutdownTimeout: 60000, moz:useNonSpecCompliantPointerOrigin: false, moz:webdriverClick: true, pageLoadStrategy: normal, platform: WINDOWS, platformName: WINDOWS, platformVersion: 10.0, rotatable: false, setWindowRect: true, strictFileInteractability: false, timeouts: {implicit: 0, pageLoad: 300000, script: 30000}, unhandledPromptBehavior: dismiss and notify}
Session ID: 1d840b6d-09e2-4a1f-a04f-29d8adfea089
*** Element info: {Using=class name, value=navbar navbar-default bootsnav navbar-fixed-top header-light background-transparent nav-box-width white-link navbar-expand-lg menu-center on no-full}]]>
            </message>
            <full-stacktrace>
              <![CDATA[org.openqa.selenium.NoSuchElementException: Unable to locate element: .navbar\ navbar\-default\ bootsnav\ navbar\-fixed\-top\ header\-light\ background\-transparent\ nav\-box\-width\ white\-link\ navbar\-expand\-lg\ menu\-center\ on\ no\-full
For documentation on this error, please visit: https://www.seleniumhq.org/exceptions/no_such_element.html
Build info: version: '3.141.59', revision: 'e82be7d358', time: '2018-11-14T08:17:03'
System info: host: 'DESKTOP-BGVQGR5', ip: '192.168.167.2', os.name: 'Windows 10', os.arch: 'amd64', os.version: '10.0', java.version: '1.8.0_201'
Driver info: org.openqa.selenium.firefox.FirefoxDriver
Capabilities {acceptInsecureCerts: true, browserName: firefox, browserVersion: 69.0, javascriptEnabled: true, moz:accessibilityChecks: false, moz:buildID: 20190827005903, moz:geckodriverVersion: 0.25.0, moz:headless: false, moz:processID: 14712, moz:profile: C:\Users\staff\AppData\Loca..., moz:shutdownTimeout: 60000, moz:useNonSpecCompliantPointerOrigin: false, moz:webdriverClick: true, pageLoadStrategy: normal, platform: WINDOWS, platformName: WINDOWS, platformVersion: 10.0, rotatable: false, setWindowRect: true, strictFileInteractability: false, timeouts: {implicit: 0, pageLoad: 300000, script: 30000}, unhandledPromptBehavior: dismiss and notify}
Session ID: 1d840b6d-09e2-4a1f-a04f-29d8adfea089
*** Element info: {Using=class name, value=navbar navbar-default bootsnav navbar-fixed-top header-light background-transparent nav-box-width white-link navbar-expand-lg menu-center on no-full}
	at sun.reflect.NativeConstructorAccessorImpl.newInstance0(Native Method)
	at sun.reflect.NativeConstructorAccessorImpl.newInstance(Unknown Source)
	at sun.reflect.DelegatingConstructorAccessorImpl.newInstance(Unknown Source)
	at java.lang.reflect.Constructor.newInstance(Unknown Source)
	at org.openqa.selenium.remote.http.W3CHttpResponseCodec.createException(W3CHttpResponseCodec.java:187)
	at org.openqa.selenium.remote.http.W3CHttpResponseCodec.decode(W3CHttpResponseCodec.java:122)
	at org.openqa.selenium.remote.http.W3CHttpResponseCodec.decode(W3CHttpResponseCodec.java:49)
	at org.openqa.selenium.remote.HttpCommandExecutor.execute(HttpCommandExecutor.java:158)
	at org.openqa.selenium.remote.service.DriverCommandExecutor.execute(DriverCommandExecutor.java:83)
	at org.openqa.selenium.remote.RemoteWebDriver.execute(RemoteWebDriver.java:552)
	at org.openqa.selenium.remote.RemoteWebDriver.findElement(RemoteWebDriver.java:323)
	at org.openqa.selenium.remote.RemoteWebDriver.findElementByClassName(RemoteWebDriver.java:412)
	at org.openqa.selenium.By$ByClassName.findElement(By.java:389)
	at org.openqa.selenium.remote.RemoteWebDriver.findElement(RemoteWebDriver.java:315)
	at com.Matraex.MatraexWeb.MatraexWebsite.Setup.BaseClass.EnquireNow(BaseClass.java:56)
	at com.Matraex.MatraexWeb.MatraexWebsite.TestCases.LaunchWebsite.EnquireNow(LaunchWebsite.java:55)
	at sun.reflect.NativeMethodAccessorImpl.invoke0(Native Method)
	at sun.reflect.NativeMethodAccessorImpl.invoke(Unknown Source)
	at sun.reflect.DelegatingMethodAccessorImpl.invoke(Unknown Source)
	at java.lang.reflect.Method.invoke(Unknown Source)
	at org.testng.internal.MethodInvocationHelper.invokeMethod(MethodInvocationHelper.java:86)
	at org.testng.internal.Invoker.invokeMethod(Invoker.java:645)
	at org.testng.internal.Invoker.invokeTestMethod(Invoker.java:822)
	at org.testng.internal.Invoker.invokeTestMethods(Invoker.java:1130)
	at org.testng.internal.TestMethodWorker.invokeTestMethods(TestMethodWorker.java:129)
	at org.testng.internal.TestMethodWorker.run(TestMethodWorker.java:112)
	at org.testng.TestRunner.privateRun(TestRunner.java:782)
	at org.testng.TestRunner.run(TestRunner.java:632)
	at org.testng.SuiteRunner.runTest(SuiteRunner.java:366)
	at org.testng.SuiteRunner.runSequentially(SuiteRunner.java:361)
	at org.testng.SuiteRunner.privateRun(SuiteRunner.java:319)
	at org.testng.SuiteRunner.run(SuiteRunner.java:268)
	at org.testng.SuiteRunnerWorker.runSuite(SuiteRunnerWorker.java:52)
	at org.testng.SuiteRunnerWorker.run(SuiteRunnerWorker.java:86)
	at org.testng.TestNG.runSuitesSequentially(TestNG.java:1244)
	at org.testng.TestNG.runSuitesLocally(TestNG.java:1169)
	at org.testng.TestNG.run(TestNG.java:1064)
	at org.testng.remote.RemoteTestNG.run(RemoteTestNG.java:113)
	at org.testng.remote.RemoteTestNG.initAndRun(RemoteTestNG.java:206)
	at org.testng.remote.RemoteTestNG.main(RemoteTestNG.java:177)
]]>
            </full-stacktrace>
          </exception> <!-- org.openqa.selenium.NoSuchElementException -->
          <reporter-output>
          </reporter-output>
        </test-method> <!-- EnquireNow -->
        <test-method status="PASS" signature="LaunchingUrl()[pri:0, instance:com.Matraex.MatraexWeb.MatraexWebsite.TestCases.LaunchWebsite@256216b3]" name="LaunchingUrl" duration-ms="17591" started-at="2019-09-17T19:22:43Z" finished-at="2019-09-17T19:23:01Z">
          <reporter-output>
          </reporter-output>
        </test-method> <!-- LaunchingUrl -->
        <test-method status="PASS" signature="Quit()[pri:0, instance:com.Matraex.MatraexWeb.MatraexWebsite.TestCases.LaunchWebsite@256216b3]" name="Quit" is-config="true" duration-ms="7007" started-at="2019-09-17T19:23:01Z" finished-at="2019-09-17T19:23:08Z">
          <reporter-output>
          </reporter-output>
        </test-method> <!-- Quit -->
      </class> <!-- com.Matraex.MatraexWeb.MatraexWebsite.TestCases.LaunchWebsite -->
    </test> <!-- Default test -->
  </suite> <!-- Default suite -->
</testng-results>
=======
<?xml version="1.0" encoding="UTF-8"?>
<testng-results skipped="0" failed="0" ignored="0" total="1" passed="1">
  <reporter-output>
  </reporter-output>
  <suite name="Default suite" duration-ms="14610" started-at="2019-09-17T17:38:12 IST" finished-at="2019-09-17T17:38:27 IST">
    <groups>
    </groups>
    <test name="Default test" duration-ms="14610" started-at="2019-09-17T17:38:12 IST" finished-at="2019-09-17T17:38:27 IST">
      <class name="com.Matraex.MatraexWeb.MatraexWebsite.TestCases.LaunchWebsite">
        <test-method status="PASS" signature="lunchBrowser()[pri:0, instance:com.Matraex.MatraexWeb.MatraexWebsite.TestCases.LaunchWebsite@51288417]" name="lunchBrowser" is-config="true" duration-ms="3580" started-at="2019-09-17T17:38:12 IST" finished-at="2019-09-17T17:38:16 IST">
          <reporter-output>
          </reporter-output>
        </test-method> <!-- lunchBrowser -->
        <test-method status="PASS" signature="launchUrl()[pri:0, instance:com.Matraex.MatraexWeb.MatraexWebsite.TestCases.LaunchWebsite@51288417]" name="launchUrl" duration-ms="5891" started-at="2019-09-17T17:38:16 IST" finished-at="2019-09-17T17:38:22 IST">
          <reporter-output>
          </reporter-output>
        </test-method> <!-- launchUrl -->
        <test-method status="PASS" signature="closeBrowser()[pri:0, instance:com.Matraex.MatraexWeb.MatraexWebsite.TestCases.LaunchWebsite@51288417]" name="closeBrowser" is-config="true" duration-ms="5085" started-at="2019-09-17T17:38:22 IST" finished-at="2019-09-17T17:38:27 IST">
          <reporter-output>
          </reporter-output>
        </test-method> <!-- closeBrowser -->
      </class> <!-- com.Matraex.MatraexWeb.MatraexWebsite.TestCases.LaunchWebsite -->
    </test> <!-- Default test -->
  </suite> <!-- Default suite -->

