<?xml version="1.0" encoding="UTF-8"?>
<testng-results skipped="0" failed="0" ignored="0" total="2" passed="2">
  <reporter-output>
  </reporter-output>
  <suite name="Default suite" duration-ms="18769" started-at="2019-09-16T20:51:45 IST" finished-at="2019-09-16T20:52:03 IST">
    <groups>
    </groups>
    <test name="Default test" duration-ms="18769" started-at="2019-09-16T20:51:45 IST" finished-at="2019-09-16T20:52:03 IST">
      <class name="com.Matraex.MatraexWeb.MatraexWebsite.TestCases.LaunchWebsite">
        <test-method status="PASS" signature="setup()[pri:0, instance:com.Matraex.MatraexWeb.MatraexWebsite.TestCases.LaunchWebsite@76707e36]" name="setup" is-config="true" duration-ms="3474" started-at="2019-09-16T20:51:45 IST" finished-at="2019-09-16T20:51:48 IST">
          <reporter-output>
          </reporter-output>
        </test-method> <!-- setup -->
        <test-method status="PASS" signature="launch()[pri:0, instance:com.Matraex.MatraexWeb.MatraexWebsite.TestCases.LaunchWebsite@76707e36]" name="launch" duration-ms="7898" started-at="2019-09-16T20:51:48 IST" finished-at="2019-09-16T20:51:56 IST">
          <reporter-output>
          </reporter-output>
        </test-method> <!-- launch -->
        <test-method status="PASS" signature="scrollDown()[pri:0, instance:com.Matraex.MatraexWeb.MatraexWebsite.TestCases.LaunchWebsite@76707e36]" name="scrollDown" duration-ms="9" started-at="2019-09-16T20:51:56 IST" finished-at="2019-09-16T20:51:56 IST">
          <reporter-output>
          </reporter-output>
        </test-method> <!-- scrollDown -->
        <test-method status="PASS" signature="teardown()[pri:0, instance:com.Matraex.MatraexWeb.MatraexWebsite.TestCases.LaunchWebsite@76707e36]" name="teardown" is-config="true" duration-ms="7357" started-at="2019-09-16T20:51:56 IST" finished-at="2019-09-16T20:52:03 IST">
          <reporter-output>
          </reporter-output>
        </test-method> <!-- teardown -->
      </class> <!-- com.Matraex.MatraexWeb.MatraexWebsite.TestCases.LaunchWebsite -->
    </test> <!-- Default test -->
  </suite> <!-- Default suite -->
</testng-results>
